0 info it worked if it ends with ok
1 verbose cli [ 'node', '/usr/local/bin/npm', 'install' ]
2 info using npm@1.4.28
3 info using node@v0.10.36
4 warn package.json flux-react-boilerplate@3.0.0 No repository field.
5 verbose readDependencies using package.json deps
6 verbose install where, deps [ '/Users/mikemsrk/virtual-arm/pub',
6 verbose install   [ 'flux-react',
6 verbose install     'react',
6 verbose install     'browserify',
6 verbose install     'glob',
6 verbose install     'gulp',
6 verbose install     'gulp-concat',
6 verbose install     'gulp-cssmin',
6 verbose install     'gulp-if',
6 verbose install     'gulp-livereload',
6 verbose install     'gulp-notify',
6 verbose install     'gulp-streamify',
6 verbose install     'gulp-uglify',
6 verbose install     'gulp-util',
6 verbose install     'gulp-jasmine2-phantomjs',
6 verbose install     'gulp-shell',
6 verbose install     'phantomjs',
6 verbose install     'react-addons',
6 verbose install     'react-router',
6 verbose install     'reactify',
6 verbose install     'vinyl-source-stream',
6 verbose install     'watchify' ] ]
7 info preinstall flux-react-boilerplate@3.0.0
8 verbose readDependencies using package.json deps
9 verbose already installed skipping flux-react@^2.6.0 /Users/mikemsrk/virtual-arm/pub
10 verbose already installed skipping react@^0.12.0 /Users/mikemsrk/virtual-arm/pub
11 verbose already installed skipping browserify@^6.2.0 /Users/mikemsrk/virtual-arm/pub
12 verbose already installed skipping glob@^4.0.6 /Users/mikemsrk/virtual-arm/pub
13 verbose already installed skipping gulp@^3.8.9 /Users/mikemsrk/virtual-arm/pub
14 verbose already installed skipping gulp-concat@^2.3.4 /Users/mikemsrk/virtual-arm/pub
15 verbose already installed skipping gulp-cssmin@^0.1.6 /Users/mikemsrk/virtual-arm/pub
16 verbose already installed skipping gulp-if@^1.2.4 /Users/mikemsrk/virtual-arm/pub
17 verbose already installed skipping gulp-livereload@^2.1.1 /Users/mikemsrk/virtual-arm/pub
18 verbose already installed skipping gulp-notify@^1.4.2 /Users/mikemsrk/virtual-arm/pub
19 verbose already installed skipping gulp-streamify@0.0.5 /Users/mikemsrk/virtual-arm/pub
20 verbose already installed skipping gulp-uglify@^0.3.1 /Users/mikemsrk/virtual-arm/pub
21 verbose already installed skipping gulp-util@^3.0.0 /Users/mikemsrk/virtual-arm/pub
22 verbose already installed skipping gulp-jasmine2-phantomjs@^0.1.1 /Users/mikemsrk/virtual-arm/pub
23 verbose already installed skipping gulp-shell@^0.2.10 /Users/mikemsrk/virtual-arm/pub
24 verbose already installed skipping phantomjs@^1.9.12 /Users/mikemsrk/virtual-arm/pub
25 verbose already installed skipping react-addons@^0.9.0 /Users/mikemsrk/virtual-arm/pub
26 verbose already installed skipping react-router@^0.13.3 /Users/mikemsrk/virtual-arm/pub
27 verbose already installed skipping reactify@^0.15.2 /Users/mikemsrk/virtual-arm/pub
28 verbose already installed skipping vinyl-source-stream@^0.1.1 /Users/mikemsrk/virtual-arm/pub
29 verbose already installed skipping watchify@^2.1.1 /Users/mikemsrk/virtual-arm/pub
30 silly resolved []
31 info build /Users/mikemsrk/virtual-arm/pub
32 verbose linkStuff [ false, false, false, '/Users/mikemsrk/virtual-arm' ]
33 info linkStuff flux-react-boilerplate@3.0.0
34 verbose linkBins flux-react-boilerplate@3.0.0
35 verbose linkMans flux-react-boilerplate@3.0.0
36 verbose rebuildBundles flux-react-boilerplate@3.0.0
37 verbose rebuildBundles [ '.bin',
37 verbose rebuildBundles   'browserify',
37 verbose rebuildBundles   'flux-react',
37 verbose rebuildBundles   'glob',
37 verbose rebuildBundles   'gulp',
37 verbose rebuildBundles   'gulp-concat',
37 verbose rebuildBundles   'gulp-cssmin',
37 verbose rebuildBundles   'gulp-if',
37 verbose rebuildBundles   'gulp-jasmine2-phantomjs',
37 verbose rebuildBundles   'gulp-livereload',
37 verbose rebuildBundles   'gulp-notify',
37 verbose rebuildBundles   'gulp-shell',
37 verbose rebuildBundles   'gulp-streamify',
37 verbose rebuildBundles   'gulp-uglify',
37 verbose rebuildBundles   'gulp-util',
37 verbose rebuildBundles   'phantomjs',
37 verbose rebuildBundles   'react',
37 verbose rebuildBundles   'react-addons',
37 verbose rebuildBundles   'react-router',
37 verbose rebuildBundles   'reactify',
37 verbose rebuildBundles   'vinyl-source-stream',
37 verbose rebuildBundles   'watchify' ]
38 info install flux-react-boilerplate@3.0.0
39 info postinstall flux-react-boilerplate@3.0.0
40 info prepublish flux-react-boilerplate@3.0.0
41 error peerinvalid The package react does not satisfy its siblings' peerDependencies requirements!
41 error peerinvalid Peer flux-react@2.6.6 wants react@^0.13.0 || ^0.12.0 || ^0.11.0
41 error peerinvalid Peer react-addons@0.9.1-deprecated wants react@>= 0.9.0
41 error peerinvalid Peer react-router@0.13.3 wants react@0.13.x
42 error System Darwin 14.3.0
43 error command "node" "/usr/local/bin/npm" "install"
44 error cwd /Users/mikemsrk/virtual-arm/pub
45 error node -v v0.10.36
46 error npm -v 1.4.28
47 error code EPEERINVALID
48 verbose exit [ 1, true ]
